<?xml version="1.0" encoding="UTF-8"?>
<!-- Generated by org.testng.reporters.JUnitReportReporter -->
<testsuite hostname="MS-LP-18" failures="0" tests="2" name="com.ecommerce.testCases.HomePageTest" time="114.077" errors="0" timestamp="2022-06-08T17:07:01 IST" skipped="0">
  <testcase classname="com.ecommerce.testCases.HomePageTest" name="validateCheckAvailabilityOfMyWishListTest" time="91.755"/>
  <system-out/>
  <testcase classname="com.ecommerce.testCases.HomePageTest" name="validateOrderHistorytest" time="22.322"/>
  <system-out/>
</testsuite> <!-- com.ecommerce.testCases.HomePageTest -->
