<?xml version="1.0" encoding="UTF-8"?>
<!-- Generated by org.testng.reporters.JUnitReportReporter -->
<testsuite hostname="MS-LP-18" failures="0" tests="1" name="com.ecommerce.testCases.LoginPageTest" time="25.313" errors="0" timestamp="2022-06-08T17:07:01 IST" skipped="0">
  <testcase classname="com.ecommerce.testCases.LoginPageTest" name="ValidateloginTest" time="25.313"/>
  <system-out/>
</testsuite> <!-- com.ecommerce.testCases.LoginPageTest -->
