<?xml version="1.0" encoding="UTF-8"?>
<!-- Generated by org.testng.reporters.JUnitReportReporter -->
<testsuite hostname="MS-LP-18" failures="0" tests="2" name="com.ecommerce.testCases.HomePageTest" time="36.541" errors="0" timestamp="2022-06-07T14:54:14 IST" skipped="0">
  <testcase classname="com.ecommerce.testCases.HomePageTest" name="validateCheckAvailabilityOfMyWishListTest" time="20.400"/>
  <system-out/>
  <testcase classname="com.ecommerce.testCases.HomePageTest" name="validateOrderHistorytest" time="16.141"/>
  <system-out/>
</testsuite> <!-- com.ecommerce.testCases.HomePageTest -->
