<?xml version="1.0" encoding="UTF-8"?>
<!-- Generated by org.testng.reporters.JUnitReportReporter -->
<testsuite hostname="MS-LP-18" failures="0" tests="1" name="com.ecommerce.testCases.LoginPageTest" time="23.389" errors="0" timestamp="2022-06-07T14:54:14 IST" skipped="0">
  <testcase classname="com.ecommerce.testCases.LoginPageTest" name="ValidateloginTest" time="23.389"/>
  <system-out/>
</testsuite> <!-- com.ecommerce.testCases.LoginPageTest -->
