<?xml version="1.0" encoding="UTF-8"?>
<!-- Generated by org.testng.reporters.JUnitReportReporter -->
<testsuite hostname="MS-LP-18" failures="0" tests="1" name="com.ecommerce.testCases.AddToCartPageTest" time="40.243" errors="0" timestamp="2022-06-07T17:01:48 IST" skipped="0">
  <testcase classname="com.ecommerce.testCases.AddToCartPageTest" name="validateAddToCartTest" time="40.243"/>
  <system-out/>
</testsuite> <!-- com.ecommerce.testCases.AddToCartPageTest -->
