<?xml version="1.0" encoding="UTF-8"?>
<!-- Generated by org.testng.reporters.JUnitReportReporter -->
<testsuite hostname="MS-LP-18" failures="0" tests="2" name="com.ecommerce.testCases.IndexPageTest" time="45.067" errors="0" timestamp="2022-06-08T17:07:01 IST" skipped="0">
  <testcase classname="com.ecommerce.testCases.IndexPageTest" name="validateAppLogo" time="14.766"/>
  <system-out/>
  <testcase classname="com.ecommerce.testCases.IndexPageTest" name="validateIndexPageTitle" time="30.301"/>
  <system-out/>
</testsuite> <!-- com.ecommerce.testCases.IndexPageTest -->
