<?xml version="1.0" encoding="UTF-8"?>
<!-- Generated by org.testng.reporters.JUnitReportReporter -->
<testsuite hostname="MS-LP-18" failures="0" tests="1" name="com.ecommerce.testCases.SearchresultPageTest" time="15.434" errors="0" timestamp="2022-06-08T17:07:01 IST" skipped="0">
  <testcase classname="com.ecommerce.testCases.SearchresultPageTest" name="validateSearchProductTest" time="15.434"/>
  <system-out/>
</testsuite> <!-- com.ecommerce.testCases.SearchresultPageTest -->
